The system is: Windows - 10.0.19044 - AMD64
Compiling the C compiler identification source file "CMakeCCompilerId.c" succeeded.
Compiler:  
Build flags: 
Id flags:  

The output was:
0
MSBuild version 17.4.0+18d5aef85 for .NET Framework
La génération a démarré 12/12/2022 14:47:02.
Projet "Z:\MyCompany\MyGame\proj.win32\CMakeFiles\3.25.0-rc3\CompilerIdC\CompilerIdC.vcxproj" sur le noud 1 (cibles par défaut).
PrepareForBuild:
  Création du répertoire "Debug\".
  Création du répertoire "Debug\CompilerIdC.tlog\".
InitializeBuildStatus:
  Création de "Debug\CompilerIdC.tlog\unsuccessfulbuild", car "AlwaysCreate" a été spécifié.
ClCompile:
  C:\Program Files\Microsoft Visual Studio\2022\Community\VC\Tools\MSVC\14.34.31933\bin\HostX64\x86\CL.exe /c /nologo /W0 /WX- /diagnostics:column /Od /Oy- /D _MBCS /Gm- /EHsc /RTC1 /MDd /GS /fp:precise /Zc:wchar_t /Zc:forScope /Zc:inline /Fo"Debug\\" /Fd"Debug\vc143.pdb" /external:W0 /Gd /TC /analyze- /FC /errorReport:queue CMakeCCompilerId.c
  CMakeCCompilerId.c
Link:
  C:\Program Files\Microsoft Visual Studio\2022\Community\VC\Tools\MSVC\14.34.31933\bin\HostX64\x86\link.exe /ERRORREPORT:QUEUE /OUT:".\CompilerIdC.exe" /INCREMENTAL:NO /NOLOGO kernel32.lib user32.lib gdi32.lib winspool.lib comdlg32.lib advapi32.lib shell32.lib ole32.lib oleaut32.lib uuid.lib odbc32.lib odbccp32.lib /MANIFEST /MANIFESTUAC:"level='asInvoker' uiAccess='false'" /manifest:embed /PDB:".\CompilerIdC.pdb" /SUBSYSTEM:CONSOLE /TLBID:1 /DYNAMICBASE /NXCOMPAT /IMPLIB:".\CompilerIdC.lib" /MACHINE:X86 /SAFESEH Debug\CMakeCCompilerId.obj
  CompilerIdC.vcxproj -> Z:\MyCompany\MyGame\proj.win32\CMakeFiles\3.25.0-rc3\CompilerIdC\CompilerIdC.exe
PostBuildEvent:
  for %%i in (cl.exe) do @echo CMAKE_C_COMPILER=%%~$PATH:i
  :VCEnd
  CMAKE_C_COMPILER=C:\Program Files\Microsoft Visual Studio\2022\Community\VC\Tools\MSVC\14.34.31933\bin\Hostx64\x86\cl.exe
FinalizeBuildStatus:
  Suppression du fichier "Debug\CompilerIdC.tlog\unsuccessfulbuild".
  Mise à jour de l'horodatage "Debug\CompilerIdC.tlog\CompilerIdC.lastbuildstate".
Génération du projet "Z:\MyCompany\MyGame\proj.win32\CMakeFiles\3.25.0-rc3\CompilerIdC\CompilerIdC.vcxproj" terminée (cibles par défaut).

La génération a réussi.
    0 Avertissement(s)
    0 Erreur(s)

Temps écoulé 00:00:00.67


Compilation of the C compiler identification source "CMakeCCompilerId.c" produced "CompilerIdC.exe"

Compilation of the C compiler identification source "CMakeCCompilerId.c" produced "CompilerIdC.vcxproj"

The C compiler identification is MSVC, found in "Z:/MyCompany/MyGame/proj.win32/CMakeFiles/3.25.0-rc3/CompilerIdC/CompilerIdC.exe"

Compiling the CXX compiler identification source file "CMakeCXXCompilerId.cpp" succeeded.
Compiler:  
Build flags: 
Id flags:  

The output was:
0
MSBuild version 17.4.0+18d5aef85 for .NET Framework
La génération a démarré 12/12/2022 14:47:03.
Projet "Z:\MyCompany\MyGame\proj.win32\CMakeFiles\3.25.0-rc3\CompilerIdCXX\CompilerIdCXX.vcxproj" sur le noud 1 (cibles par défaut).
PrepareForBuild:
  Création du répertoire "Debug\".
  Création du répertoire "Debug\CompilerIdCXX.tlog\".
InitializeBuildStatus:
  Création de "Debug\CompilerIdCXX.tlog\unsuccessfulbuild", car "AlwaysCreate" a été spécifié.
ClCompile:
  C:\Program Files\Microsoft Visual Studio\2022\Community\VC\Tools\MSVC\14.34.31933\bin\HostX64\x86\CL.exe /c /nologo /W0 /WX- /diagnostics:column /Od /Oy- /D _MBCS /Gm- /EHsc /RTC1 /MDd /GS /fp:precise /Zc:wchar_t /Zc:forScope /Zc:inline /Fo"Debug\\" /Fd"Debug\vc143.pdb" /external:W0 /Gd /TP /analyze- /FC /errorReport:queue CMakeCXXCompilerId.cpp
  CMakeCXXCompilerId.cpp
Link:
  C:\Program Files\Microsoft Visual Studio\2022\Community\VC\Tools\MSVC\14.34.31933\bin\HostX64\x86\link.exe /ERRORREPORT:QUEUE /OUT:".\CompilerIdCXX.exe" /INCREMENTAL:NO /NOLOGO kernel32.lib user32.lib gdi32.lib winspool.lib comdlg32.lib advapi32.lib shell32.lib ole32.lib oleaut32.lib uuid.lib odbc32.lib odbccp32.lib /MANIFEST /MANIFESTUAC:"level='asInvoker' uiAccess='false'" /manifest:embed /PDB:".\CompilerIdCXX.pdb" /SUBSYSTEM:CONSOLE /TLBID:1 /DYNAMICBASE /NXCOMPAT /IMPLIB:".\CompilerIdCXX.lib" /MACHINE:X86 /SAFESEH Debug\CMakeCXXCompilerId.obj
  CompilerIdCXX.vcxproj -> Z:\MyCompany\MyGame\proj.win32\CMakeFiles\3.25.0-rc3\CompilerIdCXX\CompilerIdCXX.exe
PostBuildEvent:
  for %%i in (cl.exe) do @echo CMAKE_CXX_COMPILER=%%~$PATH:i
  :VCEnd
  CMAKE_CXX_COMPILER=C:\Program Files\Microsoft Visual Studio\2022\Community\VC\Tools\MSVC\14.34.31933\bin\Hostx64\x86\cl.exe
FinalizeBuildStatus:
  Suppression du fichier "Debug\CompilerIdCXX.tlog\unsuccessfulbuild".
  Mise à jour de l'horodatage "Debug\CompilerIdCXX.tlog\CompilerIdCXX.lastbuildstate".
Génération du projet "Z:\MyCompany\MyGame\proj.win32\CMakeFiles\3.25.0-rc3\CompilerIdCXX\CompilerIdCXX.vcxproj" terminée (cibles par défaut).

La génération a réussi.
    0 Avertissement(s)
    0 Erreur(s)

Temps écoulé 00:00:00.45


Compilation of the CXX compiler identification source "CMakeCXXCompilerId.cpp" produced "CompilerIdCXX.exe"

Compilation of the CXX compiler identification source "CMakeCXXCompilerId.cpp" produced "CompilerIdCXX.vcxproj"

The CXX compiler identification is MSVC, found in "Z:/MyCompany/MyGame/proj.win32/CMakeFiles/3.25.0-rc3/CompilerIdCXX/CompilerIdCXX.exe"

Detecting C compiler ABI info compiled with the following output:
Change Dir: Z:/MyCompany/MyGame/proj.win32/CMakeFiles/CMakeScratch/TryCompile-5ebafx

Run Build Command(s):C:/Program Files/Microsoft Visual Studio/2022/Community/MSBuild/Current/Bin/amd64/MSBuild.exe cmTC_eaf8d.vcxproj /p:Configuration=Debug /p:Platform=Win32 /p:VisualStudioVersion=17.0 /v:m && MSBuild version 17.4.0+18d5aef85 for .NET Framework
  Microsoft (R) C/C++ Optimizing Compiler Version 19.34.31933 for x86
  CMakeCCompilerABI.c
  Copyright (C) Microsoft Corporation.  All rights reserved.
  cl /c /Zi /W3 /WX- /diagnostics:column /Od /Ob0 /Oy- /D _MBCS /D WIN32 /D _WINDOWS /D "CMAKE_INTDIR=\"Debug\"" /Gm- /RTC1 /MDd /GS /fp:precise /Zc:wchar_t /Zc:forScope /Zc:inline /Fo"cmTC_eaf8d.dir\Debug\\" /Fd"cmTC_eaf8d.dir\Debug\vc143.pdb" /external:W3 /Gd /TC /analyze- /errorReport:queue "C:\Program Files\CMake\share\cmake-3.25\Modules\CMakeCCompilerABI.c"
  cmTC_eaf8d.vcxproj -> Z:\MyCompany\MyGame\proj.win32\CMakeFiles\CMakeScratch\TryCompile-5ebafx\Debug\cmTC_eaf8d.exe



Detecting CXX compiler ABI info compiled with the following output:
Change Dir: Z:/MyCompany/MyGame/proj.win32/CMakeFiles/CMakeScratch/TryCompile-acgfdq

Run Build Command(s):C:/Program Files/Microsoft Visual Studio/2022/Community/MSBuild/Current/Bin/amd64/MSBuild.exe cmTC_9b736.vcxproj /p:Configuration=Debug /p:Platform=Win32 /p:VisualStudioVersion=17.0 /v:m && MSBuild version 17.4.0+18d5aef85 for .NET Framework
  Microsoft (R) C/C++ Optimizing Compiler Version 19.34.31933 for x86
  CMakeCXXCompilerABI.cpp
  Copyright (C) Microsoft Corporation.  All rights reserved.
  cl /c /Zi /W3 /WX- /diagnostics:column /Od /Ob0 /Oy- /D _MBCS /D WIN32 /D _WINDOWS /D "CMAKE_INTDIR=\"Debug\"" /Gm- /EHsc /RTC1 /MDd /GS /fp:precise /Zc:wchar_t /Zc:forScope /Zc:inline /GR /Fo"cmTC_9b736.dir\Debug\\" /Fd"cmTC_9b736.dir\Debug\vc143.pdb" /external:W3 /Gd /TP /analyze- /errorReport:queue "C:\Program Files\CMake\share\cmake-3.25\Modules\CMakeCXXCompilerABI.cpp"
  cmTC_9b736.vcxproj -> Z:\MyCompany\MyGame\proj.win32\CMakeFiles\CMakeScratch\TryCompile-acgfdq\Debug\cmTC_9b736.exe



